<?xml version="1.0" encoding="UTF-8"?>
<!-- Generated by org.testng.reporters.JUnitReportReporter -->
<testsuite name="com.vodafone.nav.TestDemo" tests="1" time="11.912" ignored="0" failures="0" timestamp="28 Feb 2017 12:10:22 GMT" skipped="0" hostname="LAPTOP-SRO06QM0" errors="0">
  <testcase name="navigation" time="11.912" classname="com.vodafone.nav.TestDemo"/>
</testsuite> <!-- com.vodafone.nav.TestDemo -->
